<?xml version="1.0" encoding="UTF-8"?>
<!-- Generated by org.testng.reporters.JUnitReportReporter -->
<testsuite hostname="shaima-laptop" failures="0" tests="3" name="TestNG.DataProviderEx1" time="0.028" errors="0" timestamp="2025-04-08T19:04:43 IST" skipped="0">
  <testcase classname="TestNG.DataProviderEx1" name="bookTickets" time="0.024"/>
  <system-out/>
  <testcase classname="TestNG.DataProviderEx1" name="bookTickets" time="0.002"/>
  <system-out/>
  <testcase classname="TestNG.DataProviderEx1" name="bookTickets" time="0.002"/>
  <system-out/>
</testsuite> <!-- TestNG.DataProviderEx1 -->
