<?xml version="1.0" encoding="UTF-8"?>
<!-- Generated by org.testng.reporters.JUnitReportReporter -->
<testsuite hostname="shaima-laptop" failures="0" tests="3" name="TestNG.DataProviderEx2" time="78.697" errors="0" timestamp="2025-04-08T19:07:02 IST" skipped="0">
  <testcase classname="TestNG.DataProviderEx2" name="organizationModuleTest" time="23.391"/>
  <system-out/>
  <testcase classname="TestNG.DataProviderEx2" name="organizationModuleTest" time="23.060"/>
  <system-out/>
  <testcase classname="TestNG.DataProviderEx2" name="organizationModuleTest" time="32.246"/>
  <system-out/>
</testsuite> <!-- TestNG.DataProviderEx2 -->
