<?xml version="1.0" encoding="UTF-8"?>
<!-- Generated by org.testng.reporters.JUnitReportReporter -->
<testsuite hostname="shaima-laptop" failures="0" tests="3" name="TestNG.SampleTest" time="0.027" errors="0" timestamp="2025-04-01T20:55:54 IST" skipped="0">
  <testcase classname="TestNG.SampleTest" name="DeleteContact" time="0.002"/>
  <testcase classname="TestNG.SampleTest" name="Createcontact" time="0.020"/>
  <testcase classname="TestNG.SampleTest" name="ModifyContact" time="0.005"/>
</testsuite> <!-- TestNG.SampleTest -->
