<?xml version="1.0" encoding="UTF-8"?>
<!-- Generated by org.testng.reporters.JUnitReportReporter -->
<testsuite hostname="shaima-laptop" failures="0" tests="1" name="Campaign.CreateCampaigntest" time="31.059" errors="0" timestamp="2025-04-01T20:58:01 IST" skipped="0">
  <testcase classname="Campaign.CreateCampaigntest" name="createCampaigntest" time="31.059"/>
</testsuite> <!-- Campaign.CreateCampaigntest -->
