<?xml version="1.0" encoding="UTF-8"?>
<!-- Generated by org.testng.reporters.JUnitReportReporter -->
<testsuite hostname="shaima-laptop" failures="0" tests="1" name="Campaign.CreateCampaignsTest" time="21.267" errors="0" timestamp="2025-04-03T21:13:31 IST" skipped="0">
  <testcase classname="Campaign.CreateCampaignsTest" name="createCampaignsTest" time="21.267"/>
  <system-out/>
</testsuite> <!-- Campaign.CreateCampaignsTest -->
